<?xml version="1.0" encoding="UTF-8"?>
<!-- Generated by org.testng.reporters.JUnitReportReporter -->
<testsuite hostname="mavericks.pretendco.com" name="tests.RouteOneTest" tests="1" failures="0" timestamp="14 Oct 2019 02:13:30 GMT" time="8.459" errors="0">
  <testcase name="routeOneTest" time="8.459" classname="tests.RouteOneTest"/>
</testsuite> <!-- tests.RouteOneTest -->
