<?xml version="1.0" encoding="UTF-8"?>
<!-- Generated by org.testng.reporters.JUnitReportReporter -->
<testsuite hostname="mavericks.pretendco.com" name="tests.GoogleTest" tests="1" failures="0" timestamp="14 Oct 2019 02:13:30 GMT" time="6.125" errors="0">
  <testcase name="googleTest" time="6.125" classname="tests.GoogleTest"/>
</testsuite> <!-- tests.GoogleTest -->
